2018-06-08 16:36:10,526(main)[com.jeff.learn.hellospringboot.App]-[INFO] Starting App on DESKTOP-T3KMOIK with PID 7092 (E:\eff-03\eclipse-workspace\hellospringboot\target\classes started by eff-03 in E:\eff-03\eclipse-workspace\hellospringboot)
2018-06-08 16:36:10,530(main)[com.jeff.learn.hellospringboot.App]-[INFO] The following profiles are active: jdbc,logger,redis,mybatis
2018-06-08 16:36:10,566(main)[org.springframework.boot.context.embedded.AnnotationConfigEmbeddedWebApplicationContext]-[INFO] Refreshing org.springframework.boot.context.embedded.AnnotationConfigEmbeddedWebApplicationContext@38102d01: startup date [Fri Jun 08 16:36:10 ICT 2018]; root of context hierarchy
2018-06-08 16:36:10,753(background-preinit)[org.hibernate.validator.internal.util.Version]-[INFO] HV000001: Hibernate Validator 5.3.4.Final
2018-06-08 16:36:11,042(main)[org.springframework.data.repository.config.RepositoryConfigurationDelegate]-[INFO] Multiple Spring Data modules found, entering strict repository configuration mode!
2018-06-08 16:36:11,382(main)[org.springframework.context.support.PostProcessorRegistrationDelegate$BeanPostProcessorChecker]-[INFO] Bean 'org.springframework.transaction.annotation.ProxyTransactionManagementConfiguration' of type [org.springframework.transaction.annotation.ProxyTransactionManagementConfiguration$$EnhancerBySpringCGLIB$$b2cadaf5] is not eligible for getting processed by all BeanPostProcessors (for example: not eligible for auto-proxying)
2018-06-08 16:36:11,659(main)[org.springframework.boot.context.embedded.tomcat.TomcatEmbeddedServletContainer]-[INFO] Tomcat initialized with port(s): 8080 (http)
2018-06-08 16:36:11,668(main)[org.apache.catalina.core.StandardService]-[INFO] Starting service Tomcat
2018-06-08 16:36:11,669(main)[org.apache.catalina.core.StandardEngine]-[INFO] Starting Servlet Engine: Apache Tomcat/8.5.11
2018-06-08 16:36:12,087(localhost-startStop-1)[org.apache.catalina.core.ContainerBase.[Tomcat].[localhost].[/]]-[INFO] Initializing Spring embedded WebApplicationContext
2018-06-08 16:36:12,087(localhost-startStop-1)[org.springframework.web.context.ContextLoader]-[INFO] Root WebApplicationContext: initialization completed in 1523 ms
2018-06-08 16:36:12,260(localhost-startStop-1)[org.springframework.boot.web.servlet.ServletRegistrationBean]-[INFO] Mapping servlet: 'dispatcherServlet' to [/]
2018-06-08 16:36:12,264(localhost-startStop-1)[org.springframework.boot.web.servlet.FilterRegistrationBean]-[INFO] Mapping filter: 'characterEncodingFilter' to: [/*]
2018-06-08 16:36:12,264(localhost-startStop-1)[org.springframework.boot.web.servlet.FilterRegistrationBean]-[INFO] Mapping filter: 'hiddenHttpMethodFilter' to: [/*]
2018-06-08 16:36:12,264(localhost-startStop-1)[org.springframework.boot.web.servlet.FilterRegistrationBean]-[INFO] Mapping filter: 'httpPutFormContentFilter' to: [/*]
2018-06-08 16:36:12,264(localhost-startStop-1)[org.springframework.boot.web.servlet.FilterRegistrationBean]-[INFO] Mapping filter: 'requestContextFilter' to: [/*]
2018-06-08 16:36:13,049(main)[org.springframework.web.servlet.mvc.method.annotation.RequestMappingHandlerAdapter]-[INFO] Looking for @ControllerAdvice: org.springframework.boot.context.embedded.AnnotationConfigEmbeddedWebApplicationContext@38102d01: startup date [Fri Jun 08 16:36:10 ICT 2018]; root of context hierarchy
2018-06-08 16:36:13,103(main)[org.springframework.web.servlet.mvc.method.annotation.RequestMappingHandlerMapping]-[INFO] Mapped "{[/save/sen]}" onto public java.lang.String com.jeff.learn.hellospringboot.HelloController.saveSen()
2018-06-08 16:36:13,103(main)[org.springframework.web.servlet.mvc.method.annotation.RequestMappingHandlerMapping]-[INFO] Mapped "{[/save/{id}]}" onto public int com.jeff.learn.hellospringboot.HelloController.savePlayer(int)
2018-06-08 16:36:13,104(main)[org.springframework.web.servlet.mvc.method.annotation.RequestMappingHandlerMapping]-[INFO] Mapped "{[/]}" onto public java.lang.String com.jeff.learn.hellospringboot.HelloController.hello()
2018-06-08 16:36:13,104(main)[org.springframework.web.servlet.mvc.method.annotation.RequestMappingHandlerMapping]-[INFO] Mapped "{[/site/{id}]}" onto public java.lang.String com.jeff.learn.hellospringboot.HelloController.helloSite(int)
2018-06-08 16:36:13,104(main)[org.springframework.web.servlet.mvc.method.annotation.RequestMappingHandlerMapping]-[INFO] Mapped "{[/sitemin1/{id}]}" onto public java.lang.String com.jeff.learn.hellospringboot.HelloController.helloMinSite1(int)
2018-06-08 16:36:13,104(main)[org.springframework.web.servlet.mvc.method.annotation.RequestMappingHandlerMapping]-[INFO] Mapped "{[/site1/{id}]}" onto public java.lang.String com.jeff.learn.hellospringboot.HelloController.helloSite1(long)
2018-06-08 16:36:13,104(main)[org.springframework.web.servlet.mvc.method.annotation.RequestMappingHandlerMapping]-[INFO] Mapped "{[/get/sen]}" onto public java.lang.String com.jeff.learn.hellospringboot.HelloController.getSen()
2018-06-08 16:36:13,104(main)[org.springframework.web.servlet.mvc.method.annotation.RequestMappingHandlerMapping]-[INFO] Mapped "{[/sitemin/{id}]}" onto public java.lang.String com.jeff.learn.hellospringboot.HelloController.helloMinSite(int)
2018-06-08 16:36:13,104(main)[org.springframework.web.servlet.mvc.method.annotation.RequestMappingHandlerMapping]-[INFO] Mapped "{[/saves/{id}]}" onto public java.lang.String com.jeff.learn.hellospringboot.HelloController.savePlayers(int)
2018-06-08 16:36:13,104(main)[org.springframework.web.servlet.mvc.method.annotation.RequestMappingHandlerMapping]-[INFO] Mapped "{[/update/{id}]}" onto public int com.jeff.learn.hellospringboot.HelloController.updatePlayer(int)
2018-06-08 16:36:13,104(main)[org.springframework.web.servlet.mvc.method.annotation.RequestMappingHandlerMapping]-[INFO] Mapped "{[/getLastId]}" onto public java.lang.String com.jeff.learn.hellospringboot.HelloController.getLastId()
2018-06-08 16:36:13,105(main)[org.springframework.web.servlet.mvc.method.annotation.RequestMappingHandlerMapping]-[INFO] Mapped "{[/redis/{id}]}" onto public java.lang.String com.jeff.learn.hellospringboot.HelloController.helloSite2(int)
2018-06-08 16:36:13,107(main)[org.springframework.web.servlet.mvc.method.annotation.RequestMappingHandlerMapping]-[INFO] Mapped "{[/error]}" onto public org.springframework.http.ResponseEntity<java.util.Map<java.lang.String, java.lang.Object>> org.springframework.boot.autoconfigure.web.BasicErrorController.error(javax.servlet.http.HttpServletRequest)
2018-06-08 16:36:13,107(main)[org.springframework.web.servlet.mvc.method.annotation.RequestMappingHandlerMapping]-[INFO] Mapped "{[/error],produces=[text/html]}" onto public org.springframework.web.servlet.ModelAndView org.springframework.boot.autoconfigure.web.BasicErrorController.errorHtml(javax.servlet.http.HttpServletRequest,javax.servlet.http.HttpServletResponse)
2018-06-08 16:36:13,133(main)[org.springframework.web.servlet.handler.SimpleUrlHandlerMapping]-[INFO] Mapped URL path [/webjars/**] onto handler of type [class org.springframework.web.servlet.resource.ResourceHttpRequestHandler]
2018-06-08 16:36:13,133(main)[org.springframework.web.servlet.handler.SimpleUrlHandlerMapping]-[INFO] Mapped URL path [/**] onto handler of type [class org.springframework.web.servlet.resource.ResourceHttpRequestHandler]
2018-06-08 16:36:13,166(main)[org.springframework.web.servlet.handler.SimpleUrlHandlerMapping]-[INFO] Mapped URL path [/**/favicon.ico] onto handler of type [class org.springframework.web.servlet.resource.ResourceHttpRequestHandler]
2018-06-08 16:36:13,452(main)[org.springframework.jmx.export.annotation.AnnotationMBeanExporter]-[INFO] Registering beans for JMX exposure on startup
2018-06-08 16:36:13,453(main)[org.springframework.jmx.export.annotation.AnnotationMBeanExporter]-[INFO] Bean with name 'dataSource' has been autodetected for JMX exposure
2018-06-08 16:36:13,457(main)[org.springframework.jmx.export.annotation.AnnotationMBeanExporter]-[INFO] Located MBean 'dataSource': registering with JMX server as MBean [com.alibaba.druid.pool:name=dataSource,type=DruidDataSource]
2018-06-08 16:36:13,469(main)[org.apache.coyote.http11.Http11NioProtocol]-[INFO] Initializing ProtocolHandler ["http-nio-8080"]
2018-06-08 16:36:13,479(main)[org.apache.coyote.http11.Http11NioProtocol]-[INFO] Starting ProtocolHandler [http-nio-8080]
2018-06-08 16:36:13,490(main)[org.apache.tomcat.util.net.NioSelectorPool]-[INFO] Using a shared selector for servlet write/read
2018-06-08 16:36:13,502(main)[org.springframework.boot.context.embedded.tomcat.TomcatEmbeddedServletContainer]-[INFO] Tomcat started on port(s): 8080 (http)
2018-06-08 16:36:13,505(main)[com.jeff.learn.hellospringboot.App]-[INFO] Started App in 3.24 seconds (JVM running for 3.812)
