2018-06-08 17:36:41,224(main)[com.jeff.learn.hellospringboot.App]-[INFO] Starting App on DESKTOP-T3KMOIK with PID 7984 (E:\eff-03\eclipse-workspace\hellospringboot\target\classes started by eff-03 in E:\eff-03\eclipse-workspace\hellospringboot)
2018-06-08 17:36:41,240(main)[com.jeff.learn.hellospringboot.App]-[INFO] The following profiles are active: jdbc,logger,redis,mybatis
2018-06-08 17:36:41,277(main)[org.springframework.boot.context.embedded.AnnotationConfigEmbeddedWebApplicationContext]-[INFO] Refreshing org.springframework.boot.context.embedded.AnnotationConfigEmbeddedWebApplicationContext@77f80c04: startup date [Fri Jun 08 17:36:41 ICT 2018]; root of context hierarchy
2018-06-08 17:36:41,478(background-preinit)[org.hibernate.validator.internal.util.Version]-[INFO] HV000001: Hibernate Validator 5.3.4.Final
2018-06-08 17:36:41,826(main)[org.springframework.data.repository.config.RepositoryConfigurationDelegate]-[INFO] Multiple Spring Data modules found, entering strict repository configuration mode!
2018-06-08 17:36:42,226(main)[org.springframework.context.support.PostProcessorRegistrationDelegate$BeanPostProcessorChecker]-[INFO] Bean 'org.springframework.transaction.annotation.ProxyTransactionManagementConfiguration' of type [org.springframework.transaction.annotation.ProxyTransactionManagementConfiguration$$EnhancerBySpringCGLIB$$af3bdf85] is not eligible for getting processed by all BeanPostProcessors (for example: not eligible for auto-proxying)
2018-06-08 17:36:42,510(main)[org.springframework.boot.context.embedded.tomcat.TomcatEmbeddedServletContainer]-[INFO] Tomcat initialized with port(s): 8080 (http)
2018-06-08 17:36:42,519(main)[org.apache.catalina.core.StandardService]-[INFO] Starting service Tomcat
2018-06-08 17:36:42,520(main)[org.apache.catalina.core.StandardEngine]-[INFO] Starting Servlet Engine: Apache Tomcat/8.5.11
2018-06-08 17:36:42,610(localhost-startStop-1)[org.apache.catalina.core.ContainerBase.[Tomcat].[localhost].[/]]-[INFO] Initializing Spring embedded WebApplicationContext
2018-06-08 17:36:42,611(localhost-startStop-1)[org.springframework.web.context.ContextLoader]-[INFO] Root WebApplicationContext: initialization completed in 1334 ms
2018-06-08 17:36:42,732(localhost-startStop-1)[org.springframework.boot.web.servlet.ServletRegistrationBean]-[INFO] Mapping servlet: 'dispatcherServlet' to [/]
2018-06-08 17:36:42,735(localhost-startStop-1)[org.springframework.boot.web.servlet.FilterRegistrationBean]-[INFO] Mapping filter: 'characterEncodingFilter' to: [/*]
2018-06-08 17:36:42,735(localhost-startStop-1)[org.springframework.boot.web.servlet.FilterRegistrationBean]-[INFO] Mapping filter: 'hiddenHttpMethodFilter' to: [/*]
2018-06-08 17:36:42,735(localhost-startStop-1)[org.springframework.boot.web.servlet.FilterRegistrationBean]-[INFO] Mapping filter: 'httpPutFormContentFilter' to: [/*]
2018-06-08 17:36:42,735(localhost-startStop-1)[org.springframework.boot.web.servlet.FilterRegistrationBean]-[INFO] Mapping filter: 'requestContextFilter' to: [/*]
2018-06-08 17:36:43,394(main)[org.springframework.web.servlet.mvc.method.annotation.RequestMappingHandlerAdapter]-[INFO] Looking for @ControllerAdvice: org.springframework.boot.context.embedded.AnnotationConfigEmbeddedWebApplicationContext@77f80c04: startup date [Fri Jun 08 17:36:41 ICT 2018]; root of context hierarchy
2018-06-08 17:36:43,465(main)[org.springframework.web.servlet.mvc.method.annotation.RequestMappingHandlerMapping]-[INFO] Mapped "{[/get/sen]}" onto public java.lang.String com.jeff.learn.hellospringboot.HelloController.getSen()
2018-06-08 17:36:43,466(main)[org.springframework.web.servlet.mvc.method.annotation.RequestMappingHandlerMapping]-[INFO] Mapped "{[/update/{id}]}" onto public int com.jeff.learn.hellospringboot.HelloController.updatePlayer(int)
2018-06-08 17:36:43,466(main)[org.springframework.web.servlet.mvc.method.annotation.RequestMappingHandlerMapping]-[INFO] Mapped "{[/site1/{id}]}" onto public java.lang.String com.jeff.learn.hellospringboot.HelloController.helloSite1(long)
2018-06-08 17:36:43,467(main)[org.springframework.web.servlet.mvc.method.annotation.RequestMappingHandlerMapping]-[INFO] Mapped "{[/sitemin/{id}]}" onto public java.lang.String com.jeff.learn.hellospringboot.HelloController.helloMinSite(int)
2018-06-08 17:36:43,467(main)[org.springframework.web.servlet.mvc.method.annotation.RequestMappingHandlerMapping]-[INFO] Mapped "{[/sitemin1/{id}]}" onto public java.lang.String com.jeff.learn.hellospringboot.HelloController.helloMinSite1(int)
2018-06-08 17:36:43,467(main)[org.springframework.web.servlet.mvc.method.annotation.RequestMappingHandlerMapping]-[INFO] Mapped "{[/]}" onto public java.lang.String com.jeff.learn.hellospringboot.HelloController.hello()
2018-06-08 17:36:43,467(main)[org.springframework.web.servlet.mvc.method.annotation.RequestMappingHandlerMapping]-[INFO] Mapped "{[/save/{id}]}" onto public int com.jeff.learn.hellospringboot.HelloController.savePlayer(int)
2018-06-08 17:36:43,468(main)[org.springframework.web.servlet.mvc.method.annotation.RequestMappingHandlerMapping]-[INFO] Mapped "{[/site/{id}]}" onto public java.lang.String com.jeff.learn.hellospringboot.HelloController.helloSite(int)
2018-06-08 17:36:43,468(main)[org.springframework.web.servlet.mvc.method.annotation.RequestMappingHandlerMapping]-[INFO] Mapped "{[/save/sen]}" onto public java.lang.String com.jeff.learn.hellospringboot.HelloController.saveSen()
2018-06-08 17:36:43,468(main)[org.springframework.web.servlet.mvc.method.annotation.RequestMappingHandlerMapping]-[INFO] Mapped "{[/redis/{id}]}" onto public java.lang.String com.jeff.learn.hellospringboot.HelloController.helloSite2(int)
2018-06-08 17:36:43,468(main)[org.springframework.web.servlet.mvc.method.annotation.RequestMappingHandlerMapping]-[INFO] Mapped "{[/saves/{id}]}" onto public java.lang.String com.jeff.learn.hellospringboot.HelloController.savePlayers(int)
2018-06-08 17:36:43,468(main)[org.springframework.web.servlet.mvc.method.annotation.RequestMappingHandlerMapping]-[INFO] Mapped "{[/getLastId]}" onto public java.lang.String com.jeff.learn.hellospringboot.HelloController.getLastId()
2018-06-08 17:36:43,472(main)[org.springframework.web.servlet.mvc.method.annotation.RequestMappingHandlerMapping]-[INFO] Mapped "{[/error]}" onto public org.springframework.http.ResponseEntity<java.util.Map<java.lang.String, java.lang.Object>> org.springframework.boot.autoconfigure.web.BasicErrorController.error(javax.servlet.http.HttpServletRequest)
2018-06-08 17:36:43,472(main)[org.springframework.web.servlet.mvc.method.annotation.RequestMappingHandlerMapping]-[INFO] Mapped "{[/error],produces=[text/html]}" onto public org.springframework.web.servlet.ModelAndView org.springframework.boot.autoconfigure.web.BasicErrorController.errorHtml(javax.servlet.http.HttpServletRequest,javax.servlet.http.HttpServletResponse)
2018-06-08 17:36:43,500(main)[org.springframework.web.servlet.handler.SimpleUrlHandlerMapping]-[INFO] Mapped URL path [/webjars/**] onto handler of type [class org.springframework.web.servlet.resource.ResourceHttpRequestHandler]
2018-06-08 17:36:43,500(main)[org.springframework.web.servlet.handler.SimpleUrlHandlerMapping]-[INFO] Mapped URL path [/**] onto handler of type [class org.springframework.web.servlet.resource.ResourceHttpRequestHandler]
2018-06-08 17:36:43,534(main)[org.springframework.web.servlet.handler.SimpleUrlHandlerMapping]-[INFO] Mapped URL path [/**/favicon.ico] onto handler of type [class org.springframework.web.servlet.resource.ResourceHttpRequestHandler]
2018-06-08 17:36:43,803(main)[org.springframework.jmx.export.annotation.AnnotationMBeanExporter]-[INFO] Registering beans for JMX exposure on startup
2018-06-08 17:36:43,804(main)[org.springframework.jmx.export.annotation.AnnotationMBeanExporter]-[INFO] Bean with name 'dataSource' has been autodetected for JMX exposure
2018-06-08 17:36:43,807(main)[org.springframework.jmx.export.annotation.AnnotationMBeanExporter]-[INFO] Located MBean 'dataSource': registering with JMX server as MBean [com.alibaba.druid.pool:name=dataSource,type=DruidDataSource]
2018-06-08 17:36:43,818(main)[org.apache.coyote.http11.Http11NioProtocol]-[INFO] Initializing ProtocolHandler ["http-nio-8080"]
2018-06-08 17:36:43,827(main)[org.apache.coyote.http11.Http11NioProtocol]-[INFO] Starting ProtocolHandler [http-nio-8080]
2018-06-08 17:36:43,837(main)[org.apache.tomcat.util.net.NioSelectorPool]-[INFO] Using a shared selector for servlet write/read
2018-06-08 17:36:43,848(main)[org.springframework.boot.context.embedded.tomcat.TomcatEmbeddedServletContainer]-[INFO] Tomcat started on port(s): 8080 (http)
2018-06-08 17:36:43,851(main)[com.jeff.learn.hellospringboot.App]-[INFO] Started App in 2.878 seconds (JVM running for 3.429)
2018-06-08 17:36:48,684(http-nio-8080-exec-1)[org.apache.catalina.core.ContainerBase.[Tomcat].[localhost].[/]]-[INFO] Initializing Spring FrameworkServlet 'dispatcherServlet'
2018-06-08 17:36:48,684(http-nio-8080-exec-1)[org.springframework.web.servlet.DispatcherServlet]-[INFO] FrameworkServlet 'dispatcherServlet': initialization started
2018-06-08 17:36:48,702(http-nio-8080-exec-1)[org.springframework.web.servlet.DispatcherServlet]-[INFO] FrameworkServlet 'dispatcherServlet': initialization completed in 18 ms
2018-06-08 17:36:48,820(http-nio-8080-exec-1)[com.alibaba.druid.pool.DruidDataSource]-[INFO] {dataSource-1} inited
2018-06-08 17:37:31,993(main)[com.jeff.learn.hellospringboot.App]-[INFO] Starting App on DESKTOP-T3KMOIK with PID 3812 (E:\eff-03\eclipse-workspace\hellospringboot\target\classes started by eff-03 in E:\eff-03\eclipse-workspace\hellospringboot)
2018-06-08 17:37:31,993(main)[com.jeff.learn.hellospringboot.App]-[INFO] The following profiles are active: jdbc,logger,redis,mybatis
2018-06-08 17:37:32,039(main)[org.springframework.boot.context.embedded.AnnotationConfigEmbeddedWebApplicationContext]-[INFO] Refreshing org.springframework.boot.context.embedded.AnnotationConfigEmbeddedWebApplicationContext@77f80c04: startup date [Fri Jun 08 17:37:32 ICT 2018]; root of context hierarchy
2018-06-08 17:37:32,224(background-preinit)[org.hibernate.validator.internal.util.Version]-[INFO] HV000001: Hibernate Validator 5.3.4.Final
2018-06-08 17:37:32,509(main)[org.springframework.data.repository.config.RepositoryConfigurationDelegate]-[INFO] Multiple Spring Data modules found, entering strict repository configuration mode!
2018-06-08 17:37:32,835(main)[org.springframework.context.support.PostProcessorRegistrationDelegate$BeanPostProcessorChecker]-[INFO] Bean 'org.springframework.transaction.annotation.ProxyTransactionManagementConfiguration' of type [org.springframework.transaction.annotation.ProxyTransactionManagementConfiguration$$EnhancerBySpringCGLIB$$6fc2d68c] is not eligible for getting processed by all BeanPostProcessors (for example: not eligible for auto-proxying)
2018-06-08 17:37:33,123(main)[org.springframework.boot.context.embedded.tomcat.TomcatEmbeddedServletContainer]-[INFO] Tomcat initialized with port(s): 8080 (http)
2018-06-08 17:37:33,134(main)[org.apache.catalina.core.StandardService]-[INFO] Starting service Tomcat
2018-06-08 17:37:33,135(main)[org.apache.catalina.core.StandardEngine]-[INFO] Starting Servlet Engine: Apache Tomcat/8.5.11
2018-06-08 17:37:33,225(localhost-startStop-1)[org.apache.catalina.core.ContainerBase.[Tomcat].[localhost].[/]]-[INFO] Initializing Spring embedded WebApplicationContext
2018-06-08 17:37:33,225(localhost-startStop-1)[org.springframework.web.context.ContextLoader]-[INFO] Root WebApplicationContext: initialization completed in 1186 ms
2018-06-08 17:37:33,362(localhost-startStop-1)[org.springframework.boot.web.servlet.ServletRegistrationBean]-[INFO] Mapping servlet: 'dispatcherServlet' to [/]
2018-06-08 17:37:33,366(localhost-startStop-1)[org.springframework.boot.web.servlet.FilterRegistrationBean]-[INFO] Mapping filter: 'characterEncodingFilter' to: [/*]
2018-06-08 17:37:33,366(localhost-startStop-1)[org.springframework.boot.web.servlet.FilterRegistrationBean]-[INFO] Mapping filter: 'hiddenHttpMethodFilter' to: [/*]
2018-06-08 17:37:33,367(localhost-startStop-1)[org.springframework.boot.web.servlet.FilterRegistrationBean]-[INFO] Mapping filter: 'httpPutFormContentFilter' to: [/*]
2018-06-08 17:37:33,367(localhost-startStop-1)[org.springframework.boot.web.servlet.FilterRegistrationBean]-[INFO] Mapping filter: 'requestContextFilter' to: [/*]
2018-06-08 17:37:34,033(main)[org.springframework.web.servlet.mvc.method.annotation.RequestMappingHandlerAdapter]-[INFO] Looking for @ControllerAdvice: org.springframework.boot.context.embedded.AnnotationConfigEmbeddedWebApplicationContext@77f80c04: startup date [Fri Jun 08 17:37:32 ICT 2018]; root of context hierarchy
2018-06-08 17:37:34,097(main)[org.springframework.web.servlet.mvc.method.annotation.RequestMappingHandlerMapping]-[INFO] Mapped "{[/save/sen]}" onto public java.lang.String com.jeff.learn.hellospringboot.HelloController.saveSen()
2018-06-08 17:37:34,098(main)[org.springframework.web.servlet.mvc.method.annotation.RequestMappingHandlerMapping]-[INFO] Mapped "{[/site1/{id}]}" onto public java.lang.String com.jeff.learn.hellospringboot.HelloController.helloSite1(long)
2018-06-08 17:37:34,098(main)[org.springframework.web.servlet.mvc.method.annotation.RequestMappingHandlerMapping]-[INFO] Mapped "{[/save/{id}]}" onto public int com.jeff.learn.hellospringboot.HelloController.savePlayer(int)
2018-06-08 17:37:34,098(main)[org.springframework.web.servlet.mvc.method.annotation.RequestMappingHandlerMapping]-[INFO] Mapped "{[/update/{id}]}" onto public int com.jeff.learn.hellospringboot.HelloController.updatePlayer(int)
2018-06-08 17:37:34,099(main)[org.springframework.web.servlet.mvc.method.annotation.RequestMappingHandlerMapping]-[INFO] Mapped "{[/getLastId]}" onto public java.lang.String com.jeff.learn.hellospringboot.HelloController.getLastId()
2018-06-08 17:37:34,099(main)[org.springframework.web.servlet.mvc.method.annotation.RequestMappingHandlerMapping]-[INFO] Mapped "{[/sitemin1/{id}]}" onto public java.lang.String com.jeff.learn.hellospringboot.HelloController.helloMinSite1(int)
2018-06-08 17:37:34,099(main)[org.springframework.web.servlet.mvc.method.annotation.RequestMappingHandlerMapping]-[INFO] Mapped "{[/redis/{id}]}" onto public java.lang.String com.jeff.learn.hellospringboot.HelloController.helloSite2(int)
2018-06-08 17:37:34,099(main)[org.springframework.web.servlet.mvc.method.annotation.RequestMappingHandlerMapping]-[INFO] Mapped "{[/get/sen]}" onto public java.lang.String com.jeff.learn.hellospringboot.HelloController.getSen()
2018-06-08 17:37:34,099(main)[org.springframework.web.servlet.mvc.method.annotation.RequestMappingHandlerMapping]-[INFO] Mapped "{[/saves/{id}]}" onto public java.lang.String com.jeff.learn.hellospringboot.HelloController.savePlayers(int)
2018-06-08 17:37:34,100(main)[org.springframework.web.servlet.mvc.method.annotation.RequestMappingHandlerMapping]-[INFO] Mapped "{[/]}" onto public java.lang.String com.jeff.learn.hellospringboot.HelloController.hello()
2018-06-08 17:37:34,100(main)[org.springframework.web.servlet.mvc.method.annotation.RequestMappingHandlerMapping]-[INFO] Mapped "{[/site/{id}]}" onto public java.lang.String com.jeff.learn.hellospringboot.HelloController.helloSite(int)
2018-06-08 17:37:34,100(main)[org.springframework.web.servlet.mvc.method.annotation.RequestMappingHandlerMapping]-[INFO] Mapped "{[/sitemin/{id}]}" onto public java.lang.String com.jeff.learn.hellospringboot.HelloController.helloMinSite(int)
2018-06-08 17:37:34,103(main)[org.springframework.web.servlet.mvc.method.annotation.RequestMappingHandlerMapping]-[INFO] Mapped "{[/error]}" onto public org.springframework.http.ResponseEntity<java.util.Map<java.lang.String, java.lang.Object>> org.springframework.boot.autoconfigure.web.BasicErrorController.error(javax.servlet.http.HttpServletRequest)
2018-06-08 17:37:34,104(main)[org.springframework.web.servlet.mvc.method.annotation.RequestMappingHandlerMapping]-[INFO] Mapped "{[/error],produces=[text/html]}" onto public org.springframework.web.servlet.ModelAndView org.springframework.boot.autoconfigure.web.BasicErrorController.errorHtml(javax.servlet.http.HttpServletRequest,javax.servlet.http.HttpServletResponse)
2018-06-08 17:37:34,130(main)[org.springframework.web.servlet.handler.SimpleUrlHandlerMapping]-[INFO] Mapped URL path [/webjars/**] onto handler of type [class org.springframework.web.servlet.resource.ResourceHttpRequestHandler]
2018-06-08 17:37:34,130(main)[org.springframework.web.servlet.handler.SimpleUrlHandlerMapping]-[INFO] Mapped URL path [/**] onto handler of type [class org.springframework.web.servlet.resource.ResourceHttpRequestHandler]
2018-06-08 17:37:34,163(main)[org.springframework.web.servlet.handler.SimpleUrlHandlerMapping]-[INFO] Mapped URL path [/**/favicon.ico] onto handler of type [class org.springframework.web.servlet.resource.ResourceHttpRequestHandler]
2018-06-08 17:37:34,424(main)[org.springframework.jmx.export.annotation.AnnotationMBeanExporter]-[INFO] Registering beans for JMX exposure on startup
2018-06-08 17:37:34,425(main)[org.springframework.jmx.export.annotation.AnnotationMBeanExporter]-[INFO] Bean with name 'dataSource' has been autodetected for JMX exposure
2018-06-08 17:37:34,429(main)[org.springframework.jmx.export.annotation.AnnotationMBeanExporter]-[INFO] Located MBean 'dataSource': registering with JMX server as MBean [com.alibaba.druid.pool:name=dataSource,type=DruidDataSource]
2018-06-08 17:37:34,439(main)[org.apache.coyote.http11.Http11NioProtocol]-[INFO] Initializing ProtocolHandler ["http-nio-8080"]
2018-06-08 17:37:34,447(main)[org.apache.coyote.http11.Http11NioProtocol]-[INFO] Starting ProtocolHandler [http-nio-8080]
2018-06-08 17:37:34,458(main)[org.apache.tomcat.util.net.NioSelectorPool]-[INFO] Using a shared selector for servlet write/read
2018-06-08 17:37:34,470(main)[org.springframework.boot.context.embedded.tomcat.TomcatEmbeddedServletContainer]-[INFO] Tomcat started on port(s): 8080 (http)
2018-06-08 17:37:34,474(main)[com.jeff.learn.hellospringboot.App]-[INFO] Started App in 2.733 seconds (JVM running for 3.288)
2018-06-08 17:37:43,153(http-nio-8080-exec-1)[org.apache.catalina.core.ContainerBase.[Tomcat].[localhost].[/]]-[INFO] Initializing Spring FrameworkServlet 'dispatcherServlet'
2018-06-08 17:37:43,153(http-nio-8080-exec-1)[org.springframework.web.servlet.DispatcherServlet]-[INFO] FrameworkServlet 'dispatcherServlet': initialization started
2018-06-08 17:37:43,173(http-nio-8080-exec-1)[org.springframework.web.servlet.DispatcherServlet]-[INFO] FrameworkServlet 'dispatcherServlet': initialization completed in 19 ms
2018-06-08 17:37:43,283(http-nio-8080-exec-1)[com.alibaba.druid.pool.DruidDataSource]-[INFO] {dataSource-1} inited
