2018-06-08 16:37:59,930(main)[com.jeff.learn.hellospringboot.App]-[INFO] Starting App on DESKTOP-T3KMOIK with PID 6980 (E:\eff-03\eclipse-workspace\hellospringboot\target\classes started by eff-03 in E:\eff-03\eclipse-workspace\hellospringboot)
2018-06-08 16:37:59,933(main)[com.jeff.learn.hellospringboot.App]-[INFO] The following profiles are active: jdbc,logger,redis,mybatis
2018-06-08 16:37:59,968(main)[org.springframework.boot.context.embedded.AnnotationConfigEmbeddedWebApplicationContext]-[INFO] Refreshing org.springframework.boot.context.embedded.AnnotationConfigEmbeddedWebApplicationContext@77f80c04: startup date [Fri Jun 08 16:37:59 ICT 2018]; root of context hierarchy
2018-06-08 16:38:00,183(background-preinit)[org.hibernate.validator.internal.util.Version]-[INFO] HV000001: Hibernate Validator 5.3.4.Final
2018-06-08 16:38:00,576(main)[org.springframework.data.repository.config.RepositoryConfigurationDelegate]-[INFO] Multiple Spring Data modules found, entering strict repository configuration mode!
2018-06-08 16:38:00,978(main)[org.springframework.context.support.PostProcessorRegistrationDelegate$BeanPostProcessorChecker]-[INFO] Bean 'org.springframework.transaction.annotation.ProxyTransactionManagementConfiguration' of type [org.springframework.transaction.annotation.ProxyTransactionManagementConfiguration$$EnhancerBySpringCGLIB$$71e454e6] is not eligible for getting processed by all BeanPostProcessors (for example: not eligible for auto-proxying)
2018-06-08 16:38:01,266(main)[org.springframework.boot.context.embedded.tomcat.TomcatEmbeddedServletContainer]-[INFO] Tomcat initialized with port(s): 8080 (http)
2018-06-08 16:38:01,276(main)[org.apache.catalina.core.StandardService]-[INFO] Starting service Tomcat
2018-06-08 16:38:01,277(main)[org.apache.catalina.core.StandardEngine]-[INFO] Starting Servlet Engine: Apache Tomcat/8.5.11
2018-06-08 16:38:01,358(localhost-startStop-1)[org.apache.catalina.core.ContainerBase.[Tomcat].[localhost].[/]]-[INFO] Initializing Spring embedded WebApplicationContext
2018-06-08 16:38:01,358(localhost-startStop-1)[org.springframework.web.context.ContextLoader]-[INFO] Root WebApplicationContext: initialization completed in 1392 ms
2018-06-08 16:38:01,480(localhost-startStop-1)[org.springframework.boot.web.servlet.ServletRegistrationBean]-[INFO] Mapping servlet: 'dispatcherServlet' to [/]
2018-06-08 16:38:01,484(localhost-startStop-1)[org.springframework.boot.web.servlet.FilterRegistrationBean]-[INFO] Mapping filter: 'characterEncodingFilter' to: [/*]
2018-06-08 16:38:01,484(localhost-startStop-1)[org.springframework.boot.web.servlet.FilterRegistrationBean]-[INFO] Mapping filter: 'hiddenHttpMethodFilter' to: [/*]
2018-06-08 16:38:01,485(localhost-startStop-1)[org.springframework.boot.web.servlet.FilterRegistrationBean]-[INFO] Mapping filter: 'httpPutFormContentFilter' to: [/*]
2018-06-08 16:38:01,485(localhost-startStop-1)[org.springframework.boot.web.servlet.FilterRegistrationBean]-[INFO] Mapping filter: 'requestContextFilter' to: [/*]
2018-06-08 16:38:02,130(main)[org.springframework.web.servlet.mvc.method.annotation.RequestMappingHandlerAdapter]-[INFO] Looking for @ControllerAdvice: org.springframework.boot.context.embedded.AnnotationConfigEmbeddedWebApplicationContext@77f80c04: startup date [Fri Jun 08 16:37:59 ICT 2018]; root of context hierarchy
2018-06-08 16:38:02,190(main)[org.springframework.web.servlet.mvc.method.annotation.RequestMappingHandlerMapping]-[INFO] Mapped "{[/sitemin/{id}]}" onto public java.lang.String com.jeff.learn.hellospringboot.HelloController.helloMinSite(int)
2018-06-08 16:38:02,190(main)[org.springframework.web.servlet.mvc.method.annotation.RequestMappingHandlerMapping]-[INFO] Mapped "{[/]}" onto public java.lang.String com.jeff.learn.hellospringboot.HelloController.hello()
2018-06-08 16:38:02,191(main)[org.springframework.web.servlet.mvc.method.annotation.RequestMappingHandlerMapping]-[INFO] Mapped "{[/sitemin1/{id}]}" onto public java.lang.String com.jeff.learn.hellospringboot.HelloController.helloMinSite1(int)
2018-06-08 16:38:02,191(main)[org.springframework.web.servlet.mvc.method.annotation.RequestMappingHandlerMapping]-[INFO] Mapped "{[/save/sen]}" onto public java.lang.String com.jeff.learn.hellospringboot.HelloController.saveSen()
2018-06-08 16:38:02,191(main)[org.springframework.web.servlet.mvc.method.annotation.RequestMappingHandlerMapping]-[INFO] Mapped "{[/site/{id}]}" onto public java.lang.String com.jeff.learn.hellospringboot.HelloController.helloSite(int)
2018-06-08 16:38:02,191(main)[org.springframework.web.servlet.mvc.method.annotation.RequestMappingHandlerMapping]-[INFO] Mapped "{[/update/{id}]}" onto public int com.jeff.learn.hellospringboot.HelloController.updatePlayer(int)
2018-06-08 16:38:02,191(main)[org.springframework.web.servlet.mvc.method.annotation.RequestMappingHandlerMapping]-[INFO] Mapped "{[/get/sen]}" onto public java.lang.String com.jeff.learn.hellospringboot.HelloController.getSen()
2018-06-08 16:38:02,191(main)[org.springframework.web.servlet.mvc.method.annotation.RequestMappingHandlerMapping]-[INFO] Mapped "{[/site1/{id}]}" onto public java.lang.String com.jeff.learn.hellospringboot.HelloController.helloSite1(long)
2018-06-08 16:38:02,191(main)[org.springframework.web.servlet.mvc.method.annotation.RequestMappingHandlerMapping]-[INFO] Mapped "{[/saves/{id}]}" onto public java.lang.String com.jeff.learn.hellospringboot.HelloController.savePlayers(int)
2018-06-08 16:38:02,192(main)[org.springframework.web.servlet.mvc.method.annotation.RequestMappingHandlerMapping]-[INFO] Mapped "{[/getLastId]}" onto public java.lang.String com.jeff.learn.hellospringboot.HelloController.getLastId()
2018-06-08 16:38:02,192(main)[org.springframework.web.servlet.mvc.method.annotation.RequestMappingHandlerMapping]-[INFO] Mapped "{[/redis/{id}]}" onto public java.lang.String com.jeff.learn.hellospringboot.HelloController.helloSite2(int)
2018-06-08 16:38:02,192(main)[org.springframework.web.servlet.mvc.method.annotation.RequestMappingHandlerMapping]-[INFO] Mapped "{[/save/{id}]}" onto public int com.jeff.learn.hellospringboot.HelloController.savePlayer(int)
2018-06-08 16:38:02,195(main)[org.springframework.web.servlet.mvc.method.annotation.RequestMappingHandlerMapping]-[INFO] Mapped "{[/error]}" onto public org.springframework.http.ResponseEntity<java.util.Map<java.lang.String, java.lang.Object>> org.springframework.boot.autoconfigure.web.BasicErrorController.error(javax.servlet.http.HttpServletRequest)
2018-06-08 16:38:02,195(main)[org.springframework.web.servlet.mvc.method.annotation.RequestMappingHandlerMapping]-[INFO] Mapped "{[/error],produces=[text/html]}" onto public org.springframework.web.servlet.ModelAndView org.springframework.boot.autoconfigure.web.BasicErrorController.errorHtml(javax.servlet.http.HttpServletRequest,javax.servlet.http.HttpServletResponse)
2018-06-08 16:38:02,222(main)[org.springframework.web.servlet.handler.SimpleUrlHandlerMapping]-[INFO] Mapped URL path [/webjars/**] onto handler of type [class org.springframework.web.servlet.resource.ResourceHttpRequestHandler]
2018-06-08 16:38:02,222(main)[org.springframework.web.servlet.handler.SimpleUrlHandlerMapping]-[INFO] Mapped URL path [/**] onto handler of type [class org.springframework.web.servlet.resource.ResourceHttpRequestHandler]
2018-06-08 16:38:02,252(main)[org.springframework.web.servlet.handler.SimpleUrlHandlerMapping]-[INFO] Mapped URL path [/**/favicon.ico] onto handler of type [class org.springframework.web.servlet.resource.ResourceHttpRequestHandler]
2018-06-08 16:38:02,508(main)[org.springframework.jmx.export.annotation.AnnotationMBeanExporter]-[INFO] Registering beans for JMX exposure on startup
2018-06-08 16:38:02,510(main)[org.springframework.jmx.export.annotation.AnnotationMBeanExporter]-[INFO] Bean with name 'dataSource' has been autodetected for JMX exposure
2018-06-08 16:38:02,514(main)[org.springframework.jmx.export.annotation.AnnotationMBeanExporter]-[INFO] Located MBean 'dataSource': registering with JMX server as MBean [com.alibaba.druid.pool:name=dataSource,type=DruidDataSource]
2018-06-08 16:38:02,525(main)[org.apache.coyote.http11.Http11NioProtocol]-[INFO] Initializing ProtocolHandler ["http-nio-8080"]
2018-06-08 16:38:02,535(main)[org.apache.coyote.http11.Http11NioProtocol]-[INFO] Starting ProtocolHandler [http-nio-8080]
2018-06-08 16:38:02,546(main)[org.apache.tomcat.util.net.NioSelectorPool]-[INFO] Using a shared selector for servlet write/read
2018-06-08 16:38:02,558(main)[org.springframework.boot.context.embedded.tomcat.TomcatEmbeddedServletContainer]-[INFO] Tomcat started on port(s): 8080 (http)
2018-06-08 16:38:02,562(main)[com.jeff.learn.hellospringboot.App]-[INFO] Started App in 2.901 seconds (JVM running for 3.465)
2018-06-08 16:38:39,908(http-nio-8080-exec-1)[org.apache.catalina.core.ContainerBase.[Tomcat].[localhost].[/]]-[INFO] Initializing Spring FrameworkServlet 'dispatcherServlet'
2018-06-08 16:38:39,908(http-nio-8080-exec-1)[org.springframework.web.servlet.DispatcherServlet]-[INFO] FrameworkServlet 'dispatcherServlet': initialization started
2018-06-08 16:38:39,927(http-nio-8080-exec-1)[org.springframework.web.servlet.DispatcherServlet]-[INFO] FrameworkServlet 'dispatcherServlet': initialization completed in 18 ms
2018-06-08 16:38:40,037(http-nio-8080-exec-1)[com.alibaba.druid.pool.DruidDataSource]-[INFO] {dataSource-1} inited
2018-06-08 16:38:40,631(http-nio-8080-exec-1)[org.apache.catalina.core.ContainerBase.[Tomcat].[localhost].[/].[dispatcherServlet]]-[ERROR] Servlet.service() for servlet [dispatcherServlet] in context with path [] threw exception [Request processing failed; nested exception is org.mybatis.spring.MyBatisSystemException: nested exception is org.apache.ibatis.binding.BindingException: Parameter 'accountId' not found. Available parameters are [arg1, table, param1, param2]] with root cause
org.apache.ibatis.binding.BindingException: Parameter 'accountId' not found. Available parameters are [arg1, table, param1, param2]
	at org.apache.ibatis.binding.MapperMethod$ParamMap.get(MapperMethod.java:204) ~[mybatis-3.4.6.jar:3.4.6]
	at org.apache.ibatis.reflection.wrapper.MapWrapper.get(MapWrapper.java:45) ~[mybatis-3.4.6.jar:3.4.6]
	at org.apache.ibatis.reflection.MetaObject.getValue(MetaObject.java:122) ~[mybatis-3.4.6.jar:3.4.6]
	at org.apache.ibatis.scripting.defaults.DefaultParameterHandler.setParameters(DefaultParameterHandler.java:79) ~[mybatis-3.4.6.jar:3.4.6]
	at org.apache.ibatis.executor.statement.PreparedStatementHandler.parameterize(PreparedStatementHandler.java:93) ~[mybatis-3.4.6.jar:3.4.6]
	at org.apache.ibatis.executor.statement.RoutingStatementHandler.parameterize(RoutingStatementHandler.java:64) ~[mybatis-3.4.6.jar:3.4.6]
	at org.apache.ibatis.executor.SimpleExecutor.prepareStatement(SimpleExecutor.java:86) ~[mybatis-3.4.6.jar:3.4.6]
	at org.apache.ibatis.executor.SimpleExecutor.doUpdate(SimpleExecutor.java:49) ~[mybatis-3.4.6.jar:3.4.6]
	at org.apache.ibatis.executor.BaseExecutor.update(BaseExecutor.java:117) ~[mybatis-3.4.6.jar:3.4.6]
	at org.apache.ibatis.executor.CachingExecutor.update(CachingExecutor.java:76) ~[mybatis-3.4.6.jar:3.4.6]
	at org.apache.ibatis.session.defaults.DefaultSqlSession.update(DefaultSqlSession.java:198) ~[mybatis-3.4.6.jar:3.4.6]
	at org.apache.ibatis.session.defaults.DefaultSqlSession.insert(DefaultSqlSession.java:185) ~[mybatis-3.4.6.jar:3.4.6]
	at sun.reflect.NativeMethodAccessorImpl.invoke0(Native Method) ~[?:1.8.0_151]
	at sun.reflect.NativeMethodAccessorImpl.invoke(Unknown Source) ~[?:1.8.0_151]
	at sun.reflect.DelegatingMethodAccessorImpl.invoke(Unknown Source) ~[?:1.8.0_151]
	at java.lang.reflect.Method.invoke(Unknown Source) ~[?:1.8.0_151]
	at org.mybatis.spring.SqlSessionTemplate$SqlSessionInterceptor.invoke(SqlSessionTemplate.java:433) ~[mybatis-spring-1.3.2.jar:1.3.2]
	at com.sun.proxy.$Proxy74.insert(Unknown Source) ~[?:?]
	at org.mybatis.spring.SqlSessionTemplate.insert(SqlSessionTemplate.java:278) ~[mybatis-spring-1.3.2.jar:1.3.2]
	at org.apache.ibatis.binding.MapperMethod.execute(MapperMethod.java:58) ~[mybatis-3.4.6.jar:3.4.6]
	at org.apache.ibatis.binding.MapperProxy.invoke(MapperProxy.java:59) ~[mybatis-3.4.6.jar:3.4.6]
	at com.sun.proxy.$Proxy75.savePlayer(Unknown Source) ~[?:?]
	at sun.reflect.NativeMethodAccessorImpl.invoke0(Native Method) ~[?:1.8.0_151]
	at sun.reflect.NativeMethodAccessorImpl.invoke(Unknown Source) ~[?:1.8.0_151]
	at sun.reflect.DelegatingMethodAccessorImpl.invoke(Unknown Source) ~[?:1.8.0_151]
	at java.lang.reflect.Method.invoke(Unknown Source) ~[?:1.8.0_151]
	at org.springframework.aop.support.AopUtils.invokeJoinpointUsingReflection(AopUtils.java:333) ~[spring-aop-4.3.7.RELEASE.jar:4.3.7.RELEASE]
	at org.springframework.aop.framework.JdkDynamicAopProxy.invoke(JdkDynamicAopProxy.java:207) ~[spring-aop-4.3.7.RELEASE.jar:4.3.7.RELEASE]
	at com.sun.proxy.$Proxy76.savePlayer(Unknown Source) ~[?:?]
	at com.jeff.learn.hellospringboot.HelloController.savePlayer(HelloController.java:92) ~[classes/:?]
	at sun.reflect.NativeMethodAccessorImpl.invoke0(Native Method) ~[?:1.8.0_151]
	at sun.reflect.NativeMethodAccessorImpl.invoke(Unknown Source) ~[?:1.8.0_151]
	at sun.reflect.DelegatingMethodAccessorImpl.invoke(Unknown Source) ~[?:1.8.0_151]
	at java.lang.reflect.Method.invoke(Unknown Source) ~[?:1.8.0_151]
	at org.springframework.web.method.support.InvocableHandlerMethod.doInvoke(InvocableHandlerMethod.java:205) ~[spring-web-4.3.7.RELEASE.jar:4.3.7.RELEASE]
	at org.springframework.web.method.support.InvocableHandlerMethod.invokeForRequest(InvocableHandlerMethod.java:133) ~[spring-web-4.3.7.RELEASE.jar:4.3.7.RELEASE]
	at org.springframework.web.servlet.mvc.method.annotation.ServletInvocableHandlerMethod.invokeAndHandle(ServletInvocableHandlerMethod.java:116) ~[spring-webmvc-4.3.7.RELEASE.jar:4.3.7.RELEASE]
	at org.springframework.web.servlet.mvc.method.annotation.RequestMappingHandlerAdapter.invokeHandlerMethod(RequestMappingHandlerAdapter.java:827) ~[spring-webmvc-4.3.7.RELEASE.jar:4.3.7.RELEASE]
	at org.springframework.web.servlet.mvc.method.annotation.RequestMappingHandlerAdapter.handleInternal(RequestMappingHandlerAdapter.java:738) ~[spring-webmvc-4.3.7.RELEASE.jar:4.3.7.RELEASE]
	at org.springframework.web.servlet.mvc.method.AbstractHandlerMethodAdapter.handle(AbstractHandlerMethodAdapter.java:85) ~[spring-webmvc-4.3.7.RELEASE.jar:4.3.7.RELEASE]
	at org.springframework.web.servlet.DispatcherServlet.doDispatch(DispatcherServlet.java:963) ~[spring-webmvc-4.3.7.RELEASE.jar:4.3.7.RELEASE]
	at org.springframework.web.servlet.DispatcherServlet.doService(DispatcherServlet.java:897) ~[spring-webmvc-4.3.7.RELEASE.jar:4.3.7.RELEASE]
	at org.springframework.web.servlet.FrameworkServlet.processRequest(FrameworkServlet.java:970) ~[spring-webmvc-4.3.7.RELEASE.jar:4.3.7.RELEASE]
	at org.springframework.web.servlet.FrameworkServlet.doGet(FrameworkServlet.java:861) ~[spring-webmvc-4.3.7.RELEASE.jar:4.3.7.RELEASE]
	at javax.servlet.http.HttpServlet.service(HttpServlet.java:622) ~[tomcat-embed-core-8.5.11.jar:8.5.11]
	at org.springframework.web.servlet.FrameworkServlet.service(FrameworkServlet.java:846) ~[spring-webmvc-4.3.7.RELEASE.jar:4.3.7.RELEASE]
	at javax.servlet.http.HttpServlet.service(HttpServlet.java:729) ~[tomcat-embed-core-8.5.11.jar:8.5.11]
	at org.apache.catalina.core.ApplicationFilterChain.internalDoFilter(ApplicationFilterChain.java:230) ~[tomcat-embed-core-8.5.11.jar:8.5.11]
	at org.apache.catalina.core.ApplicationFilterChain.doFilter(ApplicationFilterChain.java:165) ~[tomcat-embed-core-8.5.11.jar:8.5.11]
	at org.apache.tomcat.websocket.server.WsFilter.doFilter(WsFilter.java:52) ~[tomcat-embed-websocket-8.5.11.jar:8.5.11]
	at org.apache.catalina.core.ApplicationFilterChain.internalDoFilter(ApplicationFilterChain.java:192) ~[tomcat-embed-core-8.5.11.jar:8.5.11]
	at org.apache.catalina.core.ApplicationFilterChain.doFilter(ApplicationFilterChain.java:165) ~[tomcat-embed-core-8.5.11.jar:8.5.11]
	at org.springframework.web.filter.RequestContextFilter.doFilterInternal(RequestContextFilter.java:99) ~[spring-web-4.3.7.RELEASE.jar:4.3.7.RELEASE]
	at org.springframework.web.filter.OncePerRequestFilter.doFilter(OncePerRequestFilter.java:107) ~[spring-web-4.3.7.RELEASE.jar:4.3.7.RELEASE]
	at org.apache.catalina.core.ApplicationFilterChain.internalDoFilter(ApplicationFilterChain.java:192) ~[tomcat-embed-core-8.5.11.jar:8.5.11]
	at org.apache.catalina.core.ApplicationFilterChain.doFilter(ApplicationFilterChain.java:165) ~[tomcat-embed-core-8.5.11.jar:8.5.11]
	at org.springframework.web.filter.HttpPutFormContentFilter.doFilterInternal(HttpPutFormContentFilter.java:105) ~[spring-web-4.3.7.RELEASE.jar:4.3.7.RELEASE]
	at org.springframework.web.filter.OncePerRequestFilter.doFilter(OncePerRequestFilter.java:107) ~[spring-web-4.3.7.RELEASE.jar:4.3.7.RELEASE]
	at org.apache.catalina.core.ApplicationFilterChain.internalDoFilter(ApplicationFilterChain.java:192) ~[tomcat-embed-core-8.5.11.jar:8.5.11]
	at org.apache.catalina.core.ApplicationFilterChain.doFilter(ApplicationFilterChain.java:165) ~[tomcat-embed-core-8.5.11.jar:8.5.11]
	at org.springframework.web.filter.HiddenHttpMethodFilter.doFilterInternal(HiddenHttpMethodFilter.java:81) ~[spring-web-4.3.7.RELEASE.jar:4.3.7.RELEASE]
	at org.springframework.web.filter.OncePerRequestFilter.doFilter(OncePerRequestFilter.java:107) ~[spring-web-4.3.7.RELEASE.jar:4.3.7.RELEASE]
	at org.apache.catalina.core.ApplicationFilterChain.internalDoFilter(ApplicationFilterChain.java:192) ~[tomcat-embed-core-8.5.11.jar:8.5.11]
	at org.apache.catalina.core.ApplicationFilterChain.doFilter(ApplicationFilterChain.java:165) ~[tomcat-embed-core-8.5.11.jar:8.5.11]
	at org.springframework.web.filter.CharacterEncodingFilter.doFilterInternal(CharacterEncodingFilter.java:197) ~[spring-web-4.3.7.RELEASE.jar:4.3.7.RELEASE]
	at org.springframework.web.filter.OncePerRequestFilter.doFilter(OncePerRequestFilter.java:107) ~[spring-web-4.3.7.RELEASE.jar:4.3.7.RELEASE]
	at org.apache.catalina.core.ApplicationFilterChain.internalDoFilter(ApplicationFilterChain.java:192) ~[tomcat-embed-core-8.5.11.jar:8.5.11]
	at org.apache.catalina.core.ApplicationFilterChain.doFilter(ApplicationFilterChain.java:165) ~[tomcat-embed-core-8.5.11.jar:8.5.11]
	at org.apache.catalina.core.StandardWrapperValve.invoke(StandardWrapperValve.java:198) [tomcat-embed-core-8.5.11.jar:8.5.11]
	at org.apache.catalina.core.StandardContextValve.invoke(StandardContextValve.java:96) [tomcat-embed-core-8.5.11.jar:8.5.11]
	at org.apache.catalina.authenticator.AuthenticatorBase.invoke(AuthenticatorBase.java:474) [tomcat-embed-core-8.5.11.jar:8.5.11]
	at org.apache.catalina.core.StandardHostValve.invoke(StandardHostValve.java:140) [tomcat-embed-core-8.5.11.jar:8.5.11]
	at org.apache.catalina.valves.ErrorReportValve.invoke(ErrorReportValve.java:79) [tomcat-embed-core-8.5.11.jar:8.5.11]
	at org.apache.catalina.core.StandardEngineValve.invoke(StandardEngineValve.java:87) [tomcat-embed-core-8.5.11.jar:8.5.11]
	at org.apache.catalina.connector.CoyoteAdapter.service(CoyoteAdapter.java:349) [tomcat-embed-core-8.5.11.jar:8.5.11]
	at org.apache.coyote.http11.Http11Processor.service(Http11Processor.java:783) [tomcat-embed-core-8.5.11.jar:8.5.11]
	at org.apache.coyote.AbstractProcessorLight.process(AbstractProcessorLight.java:66) [tomcat-embed-core-8.5.11.jar:8.5.11]
	at org.apache.coyote.AbstractProtocol$ConnectionHandler.process(AbstractProtocol.java:798) [tomcat-embed-core-8.5.11.jar:8.5.11]
	at org.apache.tomcat.util.net.NioEndpoint$SocketProcessor.doRun(NioEndpoint.java:1434) [tomcat-embed-core-8.5.11.jar:8.5.11]
	at org.apache.tomcat.util.net.SocketProcessorBase.run(SocketProcessorBase.java:49) [tomcat-embed-core-8.5.11.jar:8.5.11]
	at java.util.concurrent.ThreadPoolExecutor.runWorker(Unknown Source) [?:1.8.0_151]
	at java.util.concurrent.ThreadPoolExecutor$Worker.run(Unknown Source) [?:1.8.0_151]
	at org.apache.tomcat.util.threads.TaskThread$WrappingRunnable.run(TaskThread.java:61) [tomcat-embed-core-8.5.11.jar:8.5.11]
	at java.lang.Thread.run(Unknown Source) [?:1.8.0_151]
2018-06-08 16:39:27,449(main)[com.jeff.learn.hellospringboot.App]-[INFO] Starting App on DESKTOP-T3KMOIK with PID 5024 (E:\eff-03\eclipse-workspace\hellospringboot\target\classes started by eff-03 in E:\eff-03\eclipse-workspace\hellospringboot)
2018-06-08 16:39:27,449(main)[com.jeff.learn.hellospringboot.App]-[INFO] The following profiles are active: jdbc,logger,redis,mybatis
2018-06-08 16:39:27,480(main)[org.springframework.boot.context.embedded.AnnotationConfigEmbeddedWebApplicationContext]-[INFO] Refreshing org.springframework.boot.context.embedded.AnnotationConfigEmbeddedWebApplicationContext@77f80c04: startup date [Fri Jun 08 16:39:27 ICT 2018]; root of context hierarchy
2018-06-08 16:39:27,712(background-preinit)[org.hibernate.validator.internal.util.Version]-[INFO] HV000001: Hibernate Validator 5.3.4.Final
2018-06-08 16:39:28,011(main)[org.springframework.data.repository.config.RepositoryConfigurationDelegate]-[INFO] Multiple Spring Data modules found, entering strict repository configuration mode!
2018-06-08 16:39:28,416(main)[org.springframework.context.support.PostProcessorRegistrationDelegate$BeanPostProcessorChecker]-[INFO] Bean 'org.springframework.transaction.annotation.ProxyTransactionManagementConfiguration' of type [org.springframework.transaction.annotation.ProxyTransactionManagementConfiguration$$EnhancerBySpringCGLIB$$87a16990] is not eligible for getting processed by all BeanPostProcessors (for example: not eligible for auto-proxying)
2018-06-08 16:39:28,772(main)[org.springframework.boot.context.embedded.tomcat.TomcatEmbeddedServletContainer]-[INFO] Tomcat initialized with port(s): 8080 (http)
2018-06-08 16:39:28,788(main)[org.apache.catalina.core.StandardService]-[INFO] Starting service Tomcat
2018-06-08 16:39:28,788(main)[org.apache.catalina.core.StandardEngine]-[INFO] Starting Servlet Engine: Apache Tomcat/8.5.11
2018-06-08 16:39:28,871(localhost-startStop-1)[org.apache.catalina.core.ContainerBase.[Tomcat].[localhost].[/]]-[INFO] Initializing Spring embedded WebApplicationContext
2018-06-08 16:39:28,871(localhost-startStop-1)[org.springframework.web.context.ContextLoader]-[INFO] Root WebApplicationContext: initialization completed in 1391 ms
2018-06-08 16:39:28,999(localhost-startStop-1)[org.springframework.boot.web.servlet.ServletRegistrationBean]-[INFO] Mapping servlet: 'dispatcherServlet' to [/]
2018-06-08 16:39:28,999(localhost-startStop-1)[org.springframework.boot.web.servlet.FilterRegistrationBean]-[INFO] Mapping filter: 'characterEncodingFilter' to: [/*]
2018-06-08 16:39:28,999(localhost-startStop-1)[org.springframework.boot.web.servlet.FilterRegistrationBean]-[INFO] Mapping filter: 'hiddenHttpMethodFilter' to: [/*]
2018-06-08 16:39:28,999(localhost-startStop-1)[org.springframework.boot.web.servlet.FilterRegistrationBean]-[INFO] Mapping filter: 'httpPutFormContentFilter' to: [/*]
2018-06-08 16:39:28,999(localhost-startStop-1)[org.springframework.boot.web.servlet.FilterRegistrationBean]-[INFO] Mapping filter: 'requestContextFilter' to: [/*]
2018-06-08 16:39:29,624(main)[org.springframework.web.servlet.mvc.method.annotation.RequestMappingHandlerAdapter]-[INFO] Looking for @ControllerAdvice: org.springframework.boot.context.embedded.AnnotationConfigEmbeddedWebApplicationContext@77f80c04: startup date [Fri Jun 08 16:39:27 ICT 2018]; root of context hierarchy
2018-06-08 16:39:29,686(main)[org.springframework.web.servlet.mvc.method.annotation.RequestMappingHandlerMapping]-[INFO] Mapped "{[/]}" onto public java.lang.String com.jeff.learn.hellospringboot.HelloController.hello()
2018-06-08 16:39:29,686(main)[org.springframework.web.servlet.mvc.method.annotation.RequestMappingHandlerMapping]-[INFO] Mapped "{[/site/{id}]}" onto public java.lang.String com.jeff.learn.hellospringboot.HelloController.helloSite(int)
2018-06-08 16:39:29,686(main)[org.springframework.web.servlet.mvc.method.annotation.RequestMappingHandlerMapping]-[INFO] Mapped "{[/get/sen]}" onto public java.lang.String com.jeff.learn.hellospringboot.HelloController.getSen()
2018-06-08 16:39:29,686(main)[org.springframework.web.servlet.mvc.method.annotation.RequestMappingHandlerMapping]-[INFO] Mapped "{[/sitemin/{id}]}" onto public java.lang.String com.jeff.learn.hellospringboot.HelloController.helloMinSite(int)
2018-06-08 16:39:29,686(main)[org.springframework.web.servlet.mvc.method.annotation.RequestMappingHandlerMapping]-[INFO] Mapped "{[/save/sen]}" onto public java.lang.String com.jeff.learn.hellospringboot.HelloController.saveSen()
2018-06-08 16:39:29,686(main)[org.springframework.web.servlet.mvc.method.annotation.RequestMappingHandlerMapping]-[INFO] Mapped "{[/sitemin1/{id}]}" onto public java.lang.String com.jeff.learn.hellospringboot.HelloController.helloMinSite1(int)
2018-06-08 16:39:29,686(main)[org.springframework.web.servlet.mvc.method.annotation.RequestMappingHandlerMapping]-[INFO] Mapped "{[/site1/{id}]}" onto public java.lang.String com.jeff.learn.hellospringboot.HelloController.helloSite1(long)
2018-06-08 16:39:29,686(main)[org.springframework.web.servlet.mvc.method.annotation.RequestMappingHandlerMapping]-[INFO] Mapped "{[/save/{id}]}" onto public int com.jeff.learn.hellospringboot.HelloController.savePlayer(int)
2018-06-08 16:39:29,686(main)[org.springframework.web.servlet.mvc.method.annotation.RequestMappingHandlerMapping]-[INFO] Mapped "{[/redis/{id}]}" onto public java.lang.String com.jeff.learn.hellospringboot.HelloController.helloSite2(int)
2018-06-08 16:39:29,686(main)[org.springframework.web.servlet.mvc.method.annotation.RequestMappingHandlerMapping]-[INFO] Mapped "{[/update/{id}]}" onto public int com.jeff.learn.hellospringboot.HelloController.updatePlayer(int)
2018-06-08 16:39:29,686(main)[org.springframework.web.servlet.mvc.method.annotation.RequestMappingHandlerMapping]-[INFO] Mapped "{[/getLastId]}" onto public java.lang.String com.jeff.learn.hellospringboot.HelloController.getLastId()
2018-06-08 16:39:29,702(main)[org.springframework.web.servlet.mvc.method.annotation.RequestMappingHandlerMapping]-[INFO] Mapped "{[/saves/{id}]}" onto public java.lang.String com.jeff.learn.hellospringboot.HelloController.savePlayers(int)
2018-06-08 16:39:29,705(main)[org.springframework.web.servlet.mvc.method.annotation.RequestMappingHandlerMapping]-[INFO] Mapped "{[/error]}" onto public org.springframework.http.ResponseEntity<java.util.Map<java.lang.String, java.lang.Object>> org.springframework.boot.autoconfigure.web.BasicErrorController.error(javax.servlet.http.HttpServletRequest)
2018-06-08 16:39:29,705(main)[org.springframework.web.servlet.mvc.method.annotation.RequestMappingHandlerMapping]-[INFO] Mapped "{[/error],produces=[text/html]}" onto public org.springframework.web.servlet.ModelAndView org.springframework.boot.autoconfigure.web.BasicErrorController.errorHtml(javax.servlet.http.HttpServletRequest,javax.servlet.http.HttpServletResponse)
2018-06-08 16:39:29,724(main)[org.springframework.web.servlet.handler.SimpleUrlHandlerMapping]-[INFO] Mapped URL path [/webjars/**] onto handler of type [class org.springframework.web.servlet.resource.ResourceHttpRequestHandler]
2018-06-08 16:39:29,724(main)[org.springframework.web.servlet.handler.SimpleUrlHandlerMapping]-[INFO] Mapped URL path [/**] onto handler of type [class org.springframework.web.servlet.resource.ResourceHttpRequestHandler]
2018-06-08 16:39:29,755(main)[org.springframework.web.servlet.handler.SimpleUrlHandlerMapping]-[INFO] Mapped URL path [/**/favicon.ico] onto handler of type [class org.springframework.web.servlet.resource.ResourceHttpRequestHandler]
2018-06-08 16:39:30,000(main)[org.springframework.jmx.export.annotation.AnnotationMBeanExporter]-[INFO] Registering beans for JMX exposure on startup
2018-06-08 16:39:30,001(main)[org.springframework.jmx.export.annotation.AnnotationMBeanExporter]-[INFO] Bean with name 'dataSource' has been autodetected for JMX exposure
2018-06-08 16:39:30,006(main)[org.springframework.jmx.export.annotation.AnnotationMBeanExporter]-[INFO] Located MBean 'dataSource': registering with JMX server as MBean [com.alibaba.druid.pool:name=dataSource,type=DruidDataSource]
2018-06-08 16:39:30,018(main)[org.apache.coyote.http11.Http11NioProtocol]-[INFO] Initializing ProtocolHandler ["http-nio-8080"]
2018-06-08 16:39:30,027(main)[org.apache.coyote.http11.Http11NioProtocol]-[INFO] Starting ProtocolHandler [http-nio-8080]
2018-06-08 16:39:30,038(main)[org.apache.tomcat.util.net.NioSelectorPool]-[INFO] Using a shared selector for servlet write/read
2018-06-08 16:39:30,049(main)[org.springframework.boot.context.embedded.tomcat.TomcatEmbeddedServletContainer]-[INFO] Tomcat started on port(s): 8080 (http)
2018-06-08 16:39:30,052(main)[com.jeff.learn.hellospringboot.App]-[INFO] Started App in 2.871 seconds (JVM running for 3.411)
2018-06-08 16:39:59,229(main)[com.jeff.learn.hellospringboot.App]-[INFO] Starting App on DESKTOP-T3KMOIK with PID 4912 (E:\eff-03\eclipse-workspace\hellospringboot\target\classes started by eff-03 in E:\eff-03\eclipse-workspace\hellospringboot)
2018-06-08 16:39:59,232(main)[com.jeff.learn.hellospringboot.App]-[INFO] The following profiles are active: jdbc,logger,redis,mybatis
2018-06-08 16:39:59,269(main)[org.springframework.boot.context.embedded.AnnotationConfigEmbeddedWebApplicationContext]-[INFO] Refreshing org.springframework.boot.context.embedded.AnnotationConfigEmbeddedWebApplicationContext@77f80c04: startup date [Fri Jun 08 16:39:59 ICT 2018]; root of context hierarchy
2018-06-08 16:39:59,478(background-preinit)[org.hibernate.validator.internal.util.Version]-[INFO] HV000001: Hibernate Validator 5.3.4.Final
2018-06-08 16:39:59,773(main)[org.springframework.data.repository.config.RepositoryConfigurationDelegate]-[INFO] Multiple Spring Data modules found, entering strict repository configuration mode!
2018-06-08 16:40:00,120(main)[org.springframework.context.support.PostProcessorRegistrationDelegate$BeanPostProcessorChecker]-[INFO] Bean 'org.springframework.transaction.annotation.ProxyTransactionManagementConfiguration' of type [org.springframework.transaction.annotation.ProxyTransactionManagementConfiguration$$EnhancerBySpringCGLIB$$6fc2d68c] is not eligible for getting processed by all BeanPostProcessors (for example: not eligible for auto-proxying)
2018-06-08 16:40:00,404(main)[org.springframework.boot.context.embedded.tomcat.TomcatEmbeddedServletContainer]-[INFO] Tomcat initialized with port(s): 8080 (http)
2018-06-08 16:40:00,415(main)[org.apache.catalina.core.StandardService]-[INFO] Starting service Tomcat
2018-06-08 16:40:00,416(main)[org.apache.catalina.core.StandardEngine]-[INFO] Starting Servlet Engine: Apache Tomcat/8.5.11
2018-06-08 16:40:00,501(localhost-startStop-1)[org.apache.catalina.core.ContainerBase.[Tomcat].[localhost].[/]]-[INFO] Initializing Spring embedded WebApplicationContext
2018-06-08 16:40:00,501(localhost-startStop-1)[org.springframework.web.context.ContextLoader]-[INFO] Root WebApplicationContext: initialization completed in 1235 ms
2018-06-08 16:40:00,623(localhost-startStop-1)[org.springframework.boot.web.servlet.ServletRegistrationBean]-[INFO] Mapping servlet: 'dispatcherServlet' to [/]
2018-06-08 16:40:00,627(localhost-startStop-1)[org.springframework.boot.web.servlet.FilterRegistrationBean]-[INFO] Mapping filter: 'characterEncodingFilter' to: [/*]
2018-06-08 16:40:00,627(localhost-startStop-1)[org.springframework.boot.web.servlet.FilterRegistrationBean]-[INFO] Mapping filter: 'hiddenHttpMethodFilter' to: [/*]
2018-06-08 16:40:00,628(localhost-startStop-1)[org.springframework.boot.web.servlet.FilterRegistrationBean]-[INFO] Mapping filter: 'httpPutFormContentFilter' to: [/*]
2018-06-08 16:40:00,628(localhost-startStop-1)[org.springframework.boot.web.servlet.FilterRegistrationBean]-[INFO] Mapping filter: 'requestContextFilter' to: [/*]
2018-06-08 16:40:01,314(main)[org.springframework.web.servlet.mvc.method.annotation.RequestMappingHandlerAdapter]-[INFO] Looking for @ControllerAdvice: org.springframework.boot.context.embedded.AnnotationConfigEmbeddedWebApplicationContext@77f80c04: startup date [Fri Jun 08 16:39:59 ICT 2018]; root of context hierarchy
2018-06-08 16:40:01,374(main)[org.springframework.web.servlet.mvc.method.annotation.RequestMappingHandlerMapping]-[INFO] Mapped "{[/sitemin1/{id}]}" onto public java.lang.String com.jeff.learn.hellospringboot.HelloController.helloMinSite1(int)
2018-06-08 16:40:01,375(main)[org.springframework.web.servlet.mvc.method.annotation.RequestMappingHandlerMapping]-[INFO] Mapped "{[/save/sen]}" onto public java.lang.String com.jeff.learn.hellospringboot.HelloController.saveSen()
2018-06-08 16:40:01,375(main)[org.springframework.web.servlet.mvc.method.annotation.RequestMappingHandlerMapping]-[INFO] Mapped "{[/get/sen]}" onto public java.lang.String com.jeff.learn.hellospringboot.HelloController.getSen()
2018-06-08 16:40:01,376(main)[org.springframework.web.servlet.mvc.method.annotation.RequestMappingHandlerMapping]-[INFO] Mapped "{[/]}" onto public java.lang.String com.jeff.learn.hellospringboot.HelloController.hello()
2018-06-08 16:40:01,376(main)[org.springframework.web.servlet.mvc.method.annotation.RequestMappingHandlerMapping]-[INFO] Mapped "{[/sitemin/{id}]}" onto public java.lang.String com.jeff.learn.hellospringboot.HelloController.helloMinSite(int)
2018-06-08 16:40:01,376(main)[org.springframework.web.servlet.mvc.method.annotation.RequestMappingHandlerMapping]-[INFO] Mapped "{[/site1/{id}]}" onto public java.lang.String com.jeff.learn.hellospringboot.HelloController.helloSite1(long)
2018-06-08 16:40:01,376(main)[org.springframework.web.servlet.mvc.method.annotation.RequestMappingHandlerMapping]-[INFO] Mapped "{[/site/{id}]}" onto public java.lang.String com.jeff.learn.hellospringboot.HelloController.helloSite(int)
2018-06-08 16:40:01,376(main)[org.springframework.web.servlet.mvc.method.annotation.RequestMappingHandlerMapping]-[INFO] Mapped "{[/save/{id}]}" onto public int com.jeff.learn.hellospringboot.HelloController.savePlayer(int)
2018-06-08 16:40:01,376(main)[org.springframework.web.servlet.mvc.method.annotation.RequestMappingHandlerMapping]-[INFO] Mapped "{[/update/{id}]}" onto public int com.jeff.learn.hellospringboot.HelloController.updatePlayer(int)
2018-06-08 16:40:01,377(main)[org.springframework.web.servlet.mvc.method.annotation.RequestMappingHandlerMapping]-[INFO] Mapped "{[/getLastId]}" onto public java.lang.String com.jeff.learn.hellospringboot.HelloController.getLastId()
2018-06-08 16:40:01,377(main)[org.springframework.web.servlet.mvc.method.annotation.RequestMappingHandlerMapping]-[INFO] Mapped "{[/redis/{id}]}" onto public java.lang.String com.jeff.learn.hellospringboot.HelloController.helloSite2(int)
2018-06-08 16:40:01,377(main)[org.springframework.web.servlet.mvc.method.annotation.RequestMappingHandlerMapping]-[INFO] Mapped "{[/saves/{id}]}" onto public java.lang.String com.jeff.learn.hellospringboot.HelloController.savePlayers(int)
2018-06-08 16:40:01,380(main)[org.springframework.web.servlet.mvc.method.annotation.RequestMappingHandlerMapping]-[INFO] Mapped "{[/error]}" onto public org.springframework.http.ResponseEntity<java.util.Map<java.lang.String, java.lang.Object>> org.springframework.boot.autoconfigure.web.BasicErrorController.error(javax.servlet.http.HttpServletRequest)
2018-06-08 16:40:01,380(main)[org.springframework.web.servlet.mvc.method.annotation.RequestMappingHandlerMapping]-[INFO] Mapped "{[/error],produces=[text/html]}" onto public org.springframework.web.servlet.ModelAndView org.springframework.boot.autoconfigure.web.BasicErrorController.errorHtml(javax.servlet.http.HttpServletRequest,javax.servlet.http.HttpServletResponse)
2018-06-08 16:40:01,409(main)[org.springframework.web.servlet.handler.SimpleUrlHandlerMapping]-[INFO] Mapped URL path [/webjars/**] onto handler of type [class org.springframework.web.servlet.resource.ResourceHttpRequestHandler]
2018-06-08 16:40:01,409(main)[org.springframework.web.servlet.handler.SimpleUrlHandlerMapping]-[INFO] Mapped URL path [/**] onto handler of type [class org.springframework.web.servlet.resource.ResourceHttpRequestHandler]
2018-06-08 16:40:01,456(main)[org.springframework.web.servlet.handler.SimpleUrlHandlerMapping]-[INFO] Mapped URL path [/**/favicon.ico] onto handler of type [class org.springframework.web.servlet.resource.ResourceHttpRequestHandler]
2018-06-08 16:40:01,823(main)[org.springframework.jmx.export.annotation.AnnotationMBeanExporter]-[INFO] Registering beans for JMX exposure on startup
2018-06-08 16:40:01,825(main)[org.springframework.jmx.export.annotation.AnnotationMBeanExporter]-[INFO] Bean with name 'dataSource' has been autodetected for JMX exposure
2018-06-08 16:40:01,829(main)[org.springframework.jmx.export.annotation.AnnotationMBeanExporter]-[INFO] Located MBean 'dataSource': registering with JMX server as MBean [com.alibaba.druid.pool:name=dataSource,type=DruidDataSource]
2018-06-08 16:40:01,848(main)[org.apache.coyote.http11.Http11NioProtocol]-[INFO] Initializing ProtocolHandler ["http-nio-8080"]
2018-06-08 16:40:01,862(main)[org.apache.coyote.http11.Http11NioProtocol]-[INFO] Starting ProtocolHandler [http-nio-8080]
2018-06-08 16:40:01,881(main)[org.apache.tomcat.util.net.NioSelectorPool]-[INFO] Using a shared selector for servlet write/read
2018-06-08 16:40:01,899(main)[org.springframework.boot.context.embedded.tomcat.TomcatEmbeddedServletContainer]-[INFO] Tomcat started on port(s): 8080 (http)
2018-06-08 16:40:01,903(main)[com.jeff.learn.hellospringboot.App]-[INFO] Started App in 2.935 seconds (JVM running for 3.498)
2018-06-08 16:40:08,192(http-nio-8080-exec-1)[org.apache.catalina.core.ContainerBase.[Tomcat].[localhost].[/]]-[INFO] Initializing Spring FrameworkServlet 'dispatcherServlet'
2018-06-08 16:40:08,192(http-nio-8080-exec-1)[org.springframework.web.servlet.DispatcherServlet]-[INFO] FrameworkServlet 'dispatcherServlet': initialization started
2018-06-08 16:40:08,207(http-nio-8080-exec-1)[org.springframework.web.servlet.DispatcherServlet]-[INFO] FrameworkServlet 'dispatcherServlet': initialization completed in 15 ms
2018-06-08 16:40:08,342(http-nio-8080-exec-1)[com.alibaba.druid.pool.DruidDataSource]-[INFO] {dataSource-1} inited
2018-06-08 16:40:08,936(http-nio-8080-exec-1)[org.apache.catalina.core.ContainerBase.[Tomcat].[localhost].[/].[dispatcherServlet]]-[ERROR] Servlet.service() for servlet [dispatcherServlet] in context with path [] threw exception [Request processing failed; nested exception is org.mybatis.spring.MyBatisSystemException: nested exception is org.apache.ibatis.binding.BindingException: Parameter 'accountId' not found. Available parameters are [arg1, table, param1, param2]] with root cause
org.apache.ibatis.binding.BindingException: Parameter 'accountId' not found. Available parameters are [arg1, table, param1, param2]
	at org.apache.ibatis.binding.MapperMethod$ParamMap.get(MapperMethod.java:204) ~[mybatis-3.4.6.jar:3.4.6]
	at org.apache.ibatis.reflection.wrapper.MapWrapper.get(MapWrapper.java:45) ~[mybatis-3.4.6.jar:3.4.6]
	at org.apache.ibatis.reflection.MetaObject.getValue(MetaObject.java:122) ~[mybatis-3.4.6.jar:3.4.6]
	at org.apache.ibatis.scripting.defaults.DefaultParameterHandler.setParameters(DefaultParameterHandler.java:79) ~[mybatis-3.4.6.jar:3.4.6]
	at org.apache.ibatis.executor.statement.PreparedStatementHandler.parameterize(PreparedStatementHandler.java:93) ~[mybatis-3.4.6.jar:3.4.6]
	at org.apache.ibatis.executor.statement.RoutingStatementHandler.parameterize(RoutingStatementHandler.java:64) ~[mybatis-3.4.6.jar:3.4.6]
	at org.apache.ibatis.executor.SimpleExecutor.prepareStatement(SimpleExecutor.java:86) ~[mybatis-3.4.6.jar:3.4.6]
	at org.apache.ibatis.executor.SimpleExecutor.doUpdate(SimpleExecutor.java:49) ~[mybatis-3.4.6.jar:3.4.6]
	at org.apache.ibatis.executor.BaseExecutor.update(BaseExecutor.java:117) ~[mybatis-3.4.6.jar:3.4.6]
	at org.apache.ibatis.executor.CachingExecutor.update(CachingExecutor.java:76) ~[mybatis-3.4.6.jar:3.4.6]
	at org.apache.ibatis.session.defaults.DefaultSqlSession.update(DefaultSqlSession.java:198) ~[mybatis-3.4.6.jar:3.4.6]
	at org.apache.ibatis.session.defaults.DefaultSqlSession.insert(DefaultSqlSession.java:185) ~[mybatis-3.4.6.jar:3.4.6]
	at sun.reflect.NativeMethodAccessorImpl.invoke0(Native Method) ~[?:1.8.0_151]
	at sun.reflect.NativeMethodAccessorImpl.invoke(Unknown Source) ~[?:1.8.0_151]
	at sun.reflect.DelegatingMethodAccessorImpl.invoke(Unknown Source) ~[?:1.8.0_151]
	at java.lang.reflect.Method.invoke(Unknown Source) ~[?:1.8.0_151]
	at org.mybatis.spring.SqlSessionTemplate$SqlSessionInterceptor.invoke(SqlSessionTemplate.java:433) ~[mybatis-spring-1.3.2.jar:1.3.2]
	at com.sun.proxy.$Proxy74.insert(Unknown Source) ~[?:?]
	at org.mybatis.spring.SqlSessionTemplate.insert(SqlSessionTemplate.java:278) ~[mybatis-spring-1.3.2.jar:1.3.2]
	at org.apache.ibatis.binding.MapperMethod.execute(MapperMethod.java:58) ~[mybatis-3.4.6.jar:3.4.6]
	at org.apache.ibatis.binding.MapperProxy.invoke(MapperProxy.java:59) ~[mybatis-3.4.6.jar:3.4.6]
	at com.sun.proxy.$Proxy75.savePlayer(Unknown Source) ~[?:?]
	at sun.reflect.NativeMethodAccessorImpl.invoke0(Native Method) ~[?:1.8.0_151]
	at sun.reflect.NativeMethodAccessorImpl.invoke(Unknown Source) ~[?:1.8.0_151]
	at sun.reflect.DelegatingMethodAccessorImpl.invoke(Unknown Source) ~[?:1.8.0_151]
	at java.lang.reflect.Method.invoke(Unknown Source) ~[?:1.8.0_151]
	at org.springframework.aop.support.AopUtils.invokeJoinpointUsingReflection(AopUtils.java:333) ~[spring-aop-4.3.7.RELEASE.jar:4.3.7.RELEASE]
	at org.springframework.aop.framework.JdkDynamicAopProxy.invoke(JdkDynamicAopProxy.java:207) ~[spring-aop-4.3.7.RELEASE.jar:4.3.7.RELEASE]
	at com.sun.proxy.$Proxy76.savePlayer(Unknown Source) ~[?:?]
	at com.jeff.learn.hellospringboot.HelloController.savePlayer(HelloController.java:92) ~[classes/:?]
	at sun.reflect.NativeMethodAccessorImpl.invoke0(Native Method) ~[?:1.8.0_151]
	at sun.reflect.NativeMethodAccessorImpl.invoke(Unknown Source) ~[?:1.8.0_151]
	at sun.reflect.DelegatingMethodAccessorImpl.invoke(Unknown Source) ~[?:1.8.0_151]
	at java.lang.reflect.Method.invoke(Unknown Source) ~[?:1.8.0_151]
	at org.springframework.web.method.support.InvocableHandlerMethod.doInvoke(InvocableHandlerMethod.java:205) ~[spring-web-4.3.7.RELEASE.jar:4.3.7.RELEASE]
	at org.springframework.web.method.support.InvocableHandlerMethod.invokeForRequest(InvocableHandlerMethod.java:133) ~[spring-web-4.3.7.RELEASE.jar:4.3.7.RELEASE]
	at org.springframework.web.servlet.mvc.method.annotation.ServletInvocableHandlerMethod.invokeAndHandle(ServletInvocableHandlerMethod.java:116) ~[spring-webmvc-4.3.7.RELEASE.jar:4.3.7.RELEASE]
	at org.springframework.web.servlet.mvc.method.annotation.RequestMappingHandlerAdapter.invokeHandlerMethod(RequestMappingHandlerAdapter.java:827) ~[spring-webmvc-4.3.7.RELEASE.jar:4.3.7.RELEASE]
	at org.springframework.web.servlet.mvc.method.annotation.RequestMappingHandlerAdapter.handleInternal(RequestMappingHandlerAdapter.java:738) ~[spring-webmvc-4.3.7.RELEASE.jar:4.3.7.RELEASE]
	at org.springframework.web.servlet.mvc.method.AbstractHandlerMethodAdapter.handle(AbstractHandlerMethodAdapter.java:85) ~[spring-webmvc-4.3.7.RELEASE.jar:4.3.7.RELEASE]
	at org.springframework.web.servlet.DispatcherServlet.doDispatch(DispatcherServlet.java:963) ~[spring-webmvc-4.3.7.RELEASE.jar:4.3.7.RELEASE]
	at org.springframework.web.servlet.DispatcherServlet.doService(DispatcherServlet.java:897) ~[spring-webmvc-4.3.7.RELEASE.jar:4.3.7.RELEASE]
	at org.springframework.web.servlet.FrameworkServlet.processRequest(FrameworkServlet.java:970) ~[spring-webmvc-4.3.7.RELEASE.jar:4.3.7.RELEASE]
	at org.springframework.web.servlet.FrameworkServlet.doGet(FrameworkServlet.java:861) ~[spring-webmvc-4.3.7.RELEASE.jar:4.3.7.RELEASE]
	at javax.servlet.http.HttpServlet.service(HttpServlet.java:622) ~[tomcat-embed-core-8.5.11.jar:8.5.11]
	at org.springframework.web.servlet.FrameworkServlet.service(FrameworkServlet.java:846) ~[spring-webmvc-4.3.7.RELEASE.jar:4.3.7.RELEASE]
	at javax.servlet.http.HttpServlet.service(HttpServlet.java:729) ~[tomcat-embed-core-8.5.11.jar:8.5.11]
	at org.apache.catalina.core.ApplicationFilterChain.internalDoFilter(ApplicationFilterChain.java:230) ~[tomcat-embed-core-8.5.11.jar:8.5.11]
	at org.apache.catalina.core.ApplicationFilterChain.doFilter(ApplicationFilterChain.java:165) ~[tomcat-embed-core-8.5.11.jar:8.5.11]
	at org.apache.tomcat.websocket.server.WsFilter.doFilter(WsFilter.java:52) ~[tomcat-embed-websocket-8.5.11.jar:8.5.11]
	at org.apache.catalina.core.ApplicationFilterChain.internalDoFilter(ApplicationFilterChain.java:192) ~[tomcat-embed-core-8.5.11.jar:8.5.11]
	at org.apache.catalina.core.ApplicationFilterChain.doFilter(ApplicationFilterChain.java:165) ~[tomcat-embed-core-8.5.11.jar:8.5.11]
	at org.springframework.web.filter.RequestContextFilter.doFilterInternal(RequestContextFilter.java:99) ~[spring-web-4.3.7.RELEASE.jar:4.3.7.RELEASE]
	at org.springframework.web.filter.OncePerRequestFilter.doFilter(OncePerRequestFilter.java:107) ~[spring-web-4.3.7.RELEASE.jar:4.3.7.RELEASE]
	at org.apache.catalina.core.ApplicationFilterChain.internalDoFilter(ApplicationFilterChain.java:192) ~[tomcat-embed-core-8.5.11.jar:8.5.11]
	at org.apache.catalina.core.ApplicationFilterChain.doFilter(ApplicationFilterChain.java:165) ~[tomcat-embed-core-8.5.11.jar:8.5.11]
	at org.springframework.web.filter.HttpPutFormContentFilter.doFilterInternal(HttpPutFormContentFilter.java:105) ~[spring-web-4.3.7.RELEASE.jar:4.3.7.RELEASE]
	at org.springframework.web.filter.OncePerRequestFilter.doFilter(OncePerRequestFilter.java:107) ~[spring-web-4.3.7.RELEASE.jar:4.3.7.RELEASE]
	at org.apache.catalina.core.ApplicationFilterChain.internalDoFilter(ApplicationFilterChain.java:192) ~[tomcat-embed-core-8.5.11.jar:8.5.11]
	at org.apache.catalina.core.ApplicationFilterChain.doFilter(ApplicationFilterChain.java:165) ~[tomcat-embed-core-8.5.11.jar:8.5.11]
	at org.springframework.web.filter.HiddenHttpMethodFilter.doFilterInternal(HiddenHttpMethodFilter.java:81) ~[spring-web-4.3.7.RELEASE.jar:4.3.7.RELEASE]
	at org.springframework.web.filter.OncePerRequestFilter.doFilter(OncePerRequestFilter.java:107) ~[spring-web-4.3.7.RELEASE.jar:4.3.7.RELEASE]
	at org.apache.catalina.core.ApplicationFilterChain.internalDoFilter(ApplicationFilterChain.java:192) ~[tomcat-embed-core-8.5.11.jar:8.5.11]
	at org.apache.catalina.core.ApplicationFilterChain.doFilter(ApplicationFilterChain.java:165) ~[tomcat-embed-core-8.5.11.jar:8.5.11]
	at org.springframework.web.filter.CharacterEncodingFilter.doFilterInternal(CharacterEncodingFilter.java:197) ~[spring-web-4.3.7.RELEASE.jar:4.3.7.RELEASE]
	at org.springframework.web.filter.OncePerRequestFilter.doFilter(OncePerRequestFilter.java:107) ~[spring-web-4.3.7.RELEASE.jar:4.3.7.RELEASE]
	at org.apache.catalina.core.ApplicationFilterChain.internalDoFilter(ApplicationFilterChain.java:192) ~[tomcat-embed-core-8.5.11.jar:8.5.11]
	at org.apache.catalina.core.ApplicationFilterChain.doFilter(ApplicationFilterChain.java:165) ~[tomcat-embed-core-8.5.11.jar:8.5.11]
	at org.apache.catalina.core.StandardWrapperValve.invoke(StandardWrapperValve.java:198) [tomcat-embed-core-8.5.11.jar:8.5.11]
	at org.apache.catalina.core.StandardContextValve.invoke(StandardContextValve.java:96) [tomcat-embed-core-8.5.11.jar:8.5.11]
	at org.apache.catalina.authenticator.AuthenticatorBase.invoke(AuthenticatorBase.java:474) [tomcat-embed-core-8.5.11.jar:8.5.11]
	at org.apache.catalina.core.StandardHostValve.invoke(StandardHostValve.java:140) [tomcat-embed-core-8.5.11.jar:8.5.11]
	at org.apache.catalina.valves.ErrorReportValve.invoke(ErrorReportValve.java:79) [tomcat-embed-core-8.5.11.jar:8.5.11]
	at org.apache.catalina.core.StandardEngineValve.invoke(StandardEngineValve.java:87) [tomcat-embed-core-8.5.11.jar:8.5.11]
	at org.apache.catalina.connector.CoyoteAdapter.service(CoyoteAdapter.java:349) [tomcat-embed-core-8.5.11.jar:8.5.11]
	at org.apache.coyote.http11.Http11Processor.service(Http11Processor.java:783) [tomcat-embed-core-8.5.11.jar:8.5.11]
	at org.apache.coyote.AbstractProcessorLight.process(AbstractProcessorLight.java:66) [tomcat-embed-core-8.5.11.jar:8.5.11]
	at org.apache.coyote.AbstractProtocol$ConnectionHandler.process(AbstractProtocol.java:798) [tomcat-embed-core-8.5.11.jar:8.5.11]
	at org.apache.tomcat.util.net.NioEndpoint$SocketProcessor.doRun(NioEndpoint.java:1434) [tomcat-embed-core-8.5.11.jar:8.5.11]
	at org.apache.tomcat.util.net.SocketProcessorBase.run(SocketProcessorBase.java:49) [tomcat-embed-core-8.5.11.jar:8.5.11]
	at java.util.concurrent.ThreadPoolExecutor.runWorker(Unknown Source) [?:1.8.0_151]
	at java.util.concurrent.ThreadPoolExecutor$Worker.run(Unknown Source) [?:1.8.0_151]
	at org.apache.tomcat.util.threads.TaskThread$WrappingRunnable.run(TaskThread.java:61) [tomcat-embed-core-8.5.11.jar:8.5.11]
	at java.lang.Thread.run(Unknown Source) [?:1.8.0_151]
